<?xml version="1.0" encoding="UTF-8"?>
<testng-results ignored="0" total="1" passed="1" failed="0" skipped="0">
  <reporter-output>
  </reporter-output>
  <suite started-at="2025-11-05T18:21:26 IST" name="Default suite" finished-at="2025-11-05T18:21:33 IST" duration-ms="6987">
    <groups>
    </groups>
    <test started-at="2025-11-05T18:21:26 IST" name="Default test" finished-at="2025-11-05T18:21:33 IST" duration-ms="6987">
      <class name="com.learning.test.Rediff.AppTest">
        <test-method is-config="true" signature="AppTestdriver()[pri:0, instance:com.learning.test.Rediff.AppTest@f27ea3]" started-at="2025-11-05T18:21:26 IST" name="AppTestdriver" finished-at="2025-11-05T18:21:29 IST" duration-ms="2515" status="PASS">
          <reporter-output>
          </reporter-output>
        </test-method> <!-- AppTestdriver -->
        <test-method signature="suite()[pri:0, instance:com.learning.test.Rediff.AppTest@f27ea3]" started-at="2025-11-05T18:21:29 IST" name="suite" finished-at="2025-11-05T18:21:33 IST" duration-ms="4414" status="PASS">
          <reporter-output>
          </reporter-output>
        </test-method> <!-- suite -->
        <test-method is-config="true" signature="testApp()[pri:0, instance:com.learning.test.Rediff.AppTest@f27ea3]" started-at="2025-11-05T18:21:33 IST" name="testApp" finished-at="2025-11-05T18:21:33 IST" duration-ms="1" status="PASS">
          <reporter-output>
          </reporter-output>
        </test-method> <!-- testApp -->
      </class> <!-- com.learning.test.Rediff.AppTest -->
    </test> <!-- Default test -->
  </suite> <!-- Default suite -->
</testng-results>
